INFO [2018-10-02 11:35:26] $x
INFO [2018-10-02 11:35:26] list(SNP_pop_1, SNP_pop_2, SNP_pop_3)
INFO [2018-10-02 11:35:26] 
INFO [2018-10-02 11:35:26] $category.names
INFO [2018-10-02 11:35:26] c("SNP pop 1", "SNP pop 2 ", "SNP pop 3")
INFO [2018-10-02 11:35:26] 
INFO [2018-10-02 11:35:26] $filename
INFO [2018-10-02 11:35:26] [1] "#14_venn_diagramm.png"
INFO [2018-10-02 11:35:26] 
INFO [2018-10-02 11:35:26] $output
INFO [2018-10-02 11:35:26] [1] TRUE
INFO [2018-10-02 11:35:26] 
INFO [2018-10-02 11:35:26] $imagetype
INFO [2018-10-02 11:35:26] [1] "png"
INFO [2018-10-02 11:35:26] 
INFO [2018-10-02 11:35:26] $height
INFO [2018-10-02 11:35:26] [1] 480
INFO [2018-10-02 11:35:26] 
INFO [2018-10-02 11:35:26] $width
INFO [2018-10-02 11:35:26] [1] 480
INFO [2018-10-02 11:35:26] 
INFO [2018-10-02 11:35:26] $resolution
INFO [2018-10-02 11:35:26] [1] 300
INFO [2018-10-02 11:35:26] 
INFO [2018-10-02 11:35:26] $compression
INFO [2018-10-02 11:35:26] [1] "lzw"
INFO [2018-10-02 11:35:26] 
INFO [2018-10-02 11:35:26] $lwd
INFO [2018-10-02 11:35:26] [1] 2
INFO [2018-10-02 11:35:26] 
INFO [2018-10-02 11:35:26] $lty
INFO [2018-10-02 11:35:26] [1] "blank"
INFO [2018-10-02 11:35:26] 
INFO [2018-10-02 11:35:26] $fill
INFO [2018-10-02 11:35:26] c("yellow", "purple", "green")
INFO [2018-10-02 11:35:26] 
INFO [2018-10-02 11:35:26] $cex
INFO [2018-10-02 11:35:26] [1] 1
INFO [2018-10-02 11:35:26] 
INFO [2018-10-02 11:35:26] $fontface
INFO [2018-10-02 11:35:26] [1] "bold"
INFO [2018-10-02 11:35:26] 
INFO [2018-10-02 11:35:26] $fontfamily
INFO [2018-10-02 11:35:26] [1] "sans"
INFO [2018-10-02 11:35:26] 
INFO [2018-10-02 11:35:26] $cat.cex
INFO [2018-10-02 11:35:26] [1] 0.6
INFO [2018-10-02 11:35:26] 
INFO [2018-10-02 11:35:26] $cat.fontface
INFO [2018-10-02 11:35:26] [1] "bold"
INFO [2018-10-02 11:35:26] 
INFO [2018-10-02 11:35:26] $cat.default.pos
INFO [2018-10-02 11:35:26] [1] "outer"
INFO [2018-10-02 11:35:26] 
INFO [2018-10-02 11:35:26] $cat.pos
INFO [2018-10-02 11:35:26] c(-27, 27, 135)
INFO [2018-10-02 11:35:26] 
INFO [2018-10-02 11:35:26] $cat.dist
INFO [2018-10-02 11:35:26] c(0.055, 0.055, 0.085)
INFO [2018-10-02 11:35:26] 
INFO [2018-10-02 11:35:26] $cat.fontfamily
INFO [2018-10-02 11:35:26] [1] "sans"
INFO [2018-10-02 11:35:26] 
INFO [2018-10-02 11:35:26] $rotation
INFO [2018-10-02 11:35:26] [1] 1
INFO [2018-10-02 11:35:26] 
