INFO [2018-08-30 14:16:54] [[1]]
INFO [2018-08-30 14:16:54] list(CNN = 1:1800, RF = c(198:1865, 2037:2158), True = c(66:1684, 
INFO [2018-08-30 14:16:54]     1790:1985))
INFO [2018-08-30 14:16:54] 
INFO [2018-08-30 14:16:54] $fill
INFO [2018-08-30 14:16:54] c("red", "green", "blue")
INFO [2018-08-30 14:16:54] 
INFO [2018-08-30 14:16:54] $alpha
INFO [2018-08-30 14:16:54] c(0.5, 0.5, 0.5)
INFO [2018-08-30 14:16:54] 
INFO [2018-08-30 14:16:54] $cex
INFO [2018-08-30 14:16:54] [1] 2
INFO [2018-08-30 14:16:54] 
INFO [2018-08-30 14:16:54] $cat.fontface
INFO [2018-08-30 14:16:54] [1] 4
INFO [2018-08-30 14:16:54] 
INFO [2018-08-30 14:16:54] $lty
INFO [2018-08-30 14:16:54] [1] 1
INFO [2018-08-30 14:16:54] 
INFO [2018-08-30 14:16:54] $filename
INFO [2018-08-30 14:16:54] NULL
INFO [2018-08-30 14:16:54] 
