INFO [2018-08-30 14:23:19] [[1]]
INFO [2018-08-30 14:23:19] list(CNN = 1:1800, RF = c(183:1865, 2057:2168), True = c(66:1669, 
INFO [2018-08-30 14:23:19]     1790:1985))
INFO [2018-08-30 14:23:19] 
INFO [2018-08-30 14:23:19] $fill
INFO [2018-08-30 14:23:19] c("red", "green", "blue")
INFO [2018-08-30 14:23:19] 
INFO [2018-08-30 14:23:19] $alpha
INFO [2018-08-30 14:23:19] c(0.5, 0.5, 0.5)
INFO [2018-08-30 14:23:19] 
INFO [2018-08-30 14:23:19] $cex
INFO [2018-08-30 14:23:19] [1] 2
INFO [2018-08-30 14:23:19] 
INFO [2018-08-30 14:23:19] $cat.fontface
INFO [2018-08-30 14:23:19] [1] 4
INFO [2018-08-30 14:23:19] 
INFO [2018-08-30 14:23:19] $lty
INFO [2018-08-30 14:23:19] [1] 1
INFO [2018-08-30 14:23:19] 
INFO [2018-08-30 14:23:19] $filename
INFO [2018-08-30 14:23:19] NULL
INFO [2018-08-30 14:23:19] 
