INFO [2018-08-30 14:11:59] [[1]]
INFO [2018-08-30 14:11:59] list(CNN = 1:1800, RF = c(198:1865, 2037:2168), True = c(81:1684, 
INFO [2018-08-30 14:11:59]     1790:1985))
INFO [2018-08-30 14:11:59] 
INFO [2018-08-30 14:11:59] $fill
INFO [2018-08-30 14:11:59] c("red", "green", "blue")
INFO [2018-08-30 14:11:59] 
INFO [2018-08-30 14:11:59] $alpha
INFO [2018-08-30 14:11:59] c(0.5, 0.5, 0.5)
INFO [2018-08-30 14:11:59] 
INFO [2018-08-30 14:11:59] $cex
INFO [2018-08-30 14:11:59] [1] 2
INFO [2018-08-30 14:11:59] 
INFO [2018-08-30 14:11:59] $cat.fontface
INFO [2018-08-30 14:11:59] [1] 4
INFO [2018-08-30 14:11:59] 
INFO [2018-08-30 14:11:59] $lty
INFO [2018-08-30 14:11:59] [1] 1
INFO [2018-08-30 14:11:59] 
INFO [2018-08-30 14:11:59] $filename
INFO [2018-08-30 14:11:59] NULL
INFO [2018-08-30 14:11:59] 
