INFO [2018-08-30 14:21:20] [[1]]
INFO [2018-08-30 14:21:20] list(CNN = 1:1800, RF = c(198:1865, 2057:2168), True = c(66:1669, 
INFO [2018-08-30 14:21:20]     1790:1985))
INFO [2018-08-30 14:21:20] 
INFO [2018-08-30 14:21:20] $fill
INFO [2018-08-30 14:21:20] c("red", "green", "blue")
INFO [2018-08-30 14:21:20] 
INFO [2018-08-30 14:21:20] $alpha
INFO [2018-08-30 14:21:20] c(0.5, 0.5, 0.5)
INFO [2018-08-30 14:21:20] 
INFO [2018-08-30 14:21:20] $cex
INFO [2018-08-30 14:21:20] [1] 2
INFO [2018-08-30 14:21:20] 
INFO [2018-08-30 14:21:20] $cat.fontface
INFO [2018-08-30 14:21:20] [1] 4
INFO [2018-08-30 14:21:20] 
INFO [2018-08-30 14:21:20] $lty
INFO [2018-08-30 14:21:20] [1] 1
INFO [2018-08-30 14:21:20] 
INFO [2018-08-30 14:21:20] $filename
INFO [2018-08-30 14:21:20] NULL
INFO [2018-08-30 14:21:20] 
