INFO [2018-08-30 14:15:07] [[1]]
INFO [2018-08-30 14:15:07] list(CNN = 1:1800, RF = c(188:1865, 2037:2168), True = c(66:1684, 
INFO [2018-08-30 14:15:07]     1790:1985))
INFO [2018-08-30 14:15:07] 
INFO [2018-08-30 14:15:07] $fill
INFO [2018-08-30 14:15:07] c("red", "green", "blue")
INFO [2018-08-30 14:15:07] 
INFO [2018-08-30 14:15:07] $alpha
INFO [2018-08-30 14:15:07] c(0.5, 0.5, 0.5)
INFO [2018-08-30 14:15:07] 
INFO [2018-08-30 14:15:07] $cex
INFO [2018-08-30 14:15:07] [1] 2
INFO [2018-08-30 14:15:07] 
INFO [2018-08-30 14:15:07] $cat.fontface
INFO [2018-08-30 14:15:07] [1] 4
INFO [2018-08-30 14:15:07] 
INFO [2018-08-30 14:15:07] $lty
INFO [2018-08-30 14:15:07] [1] 1
INFO [2018-08-30 14:15:07] 
INFO [2018-08-30 14:15:07] $filename
INFO [2018-08-30 14:15:07] NULL
INFO [2018-08-30 14:15:07] 
