INFO [2018-08-30 14:14:21] [[1]]
INFO [2018-08-30 14:14:21] list(CNN = 1:1800, RF = c(198:1865, 2037:2168), True = c(66:1684, 
INFO [2018-08-30 14:14:21]     1790:1985))
INFO [2018-08-30 14:14:21] 
INFO [2018-08-30 14:14:21] $fill
INFO [2018-08-30 14:14:21] c("red", "green", "blue")
INFO [2018-08-30 14:14:21] 
INFO [2018-08-30 14:14:21] $alpha
INFO [2018-08-30 14:14:21] c(0.5, 0.5, 0.5)
INFO [2018-08-30 14:14:21] 
INFO [2018-08-30 14:14:21] $cex
INFO [2018-08-30 14:14:21] [1] 2
INFO [2018-08-30 14:14:21] 
INFO [2018-08-30 14:14:21] $cat.fontface
INFO [2018-08-30 14:14:21] [1] 4
INFO [2018-08-30 14:14:21] 
INFO [2018-08-30 14:14:21] $lty
INFO [2018-08-30 14:14:21] [1] 1
INFO [2018-08-30 14:14:21] 
INFO [2018-08-30 14:14:21] $filename
INFO [2018-08-30 14:14:21] NULL
INFO [2018-08-30 14:14:21] 
