INFO [2018-08-30 14:23:54] [[1]]
INFO [2018-08-30 14:23:54] list(CNN = 1:1800, RF = c(183:1865, 2057:2178), True = c(66:1669, 
INFO [2018-08-30 14:23:54]     1790:1985))
INFO [2018-08-30 14:23:54] 
INFO [2018-08-30 14:23:54] $fill
INFO [2018-08-30 14:23:54] c("red", "green", "blue")
INFO [2018-08-30 14:23:54] 
INFO [2018-08-30 14:23:54] $alpha
INFO [2018-08-30 14:23:54] c(0.5, 0.5, 0.5)
INFO [2018-08-30 14:23:54] 
INFO [2018-08-30 14:23:54] $cex
INFO [2018-08-30 14:23:54] [1] 2
INFO [2018-08-30 14:23:54] 
INFO [2018-08-30 14:23:54] $cat.fontface
INFO [2018-08-30 14:23:54] [1] 4
INFO [2018-08-30 14:23:54] 
INFO [2018-08-30 14:23:54] $lty
INFO [2018-08-30 14:23:54] [1] 1
INFO [2018-08-30 14:23:54] 
INFO [2018-08-30 14:23:54] $filename
INFO [2018-08-30 14:23:54] NULL
INFO [2018-08-30 14:23:54] 
