INFO [2018-08-30 14:20:46] [[1]]
INFO [2018-08-30 14:20:46] list(CNN = 1:1800, RF = c(188:1855, 2047:2168), True = c(66:1669, 
INFO [2018-08-30 14:20:46]     1790:1985))
INFO [2018-08-30 14:20:46] 
INFO [2018-08-30 14:20:46] $fill
INFO [2018-08-30 14:20:46] c("red", "green", "blue")
INFO [2018-08-30 14:20:46] 
INFO [2018-08-30 14:20:46] $alpha
INFO [2018-08-30 14:20:46] c(0.5, 0.5, 0.5)
INFO [2018-08-30 14:20:46] 
INFO [2018-08-30 14:20:46] $cex
INFO [2018-08-30 14:20:46] [1] 2
INFO [2018-08-30 14:20:46] 
INFO [2018-08-30 14:20:46] $cat.fontface
INFO [2018-08-30 14:20:46] [1] 4
INFO [2018-08-30 14:20:46] 
INFO [2018-08-30 14:20:46] $lty
INFO [2018-08-30 14:20:46] [1] 1
INFO [2018-08-30 14:20:46] 
INFO [2018-08-30 14:20:46] $filename
INFO [2018-08-30 14:20:46] NULL
INFO [2018-08-30 14:20:46] 
