INFO [2018-10-02 11:35:12] [[1]]
INFO [2018-10-02 11:35:12] list(CNN = 1:185, RF = 66:302)
INFO [2018-10-02 11:35:12] 
INFO [2018-10-02 11:35:12] $fill
INFO [2018-10-02 11:35:12] c("red", "green")
INFO [2018-10-02 11:35:12] 
INFO [2018-10-02 11:35:12] $alpha
INFO [2018-10-02 11:35:12] c(0.5, 0.5)
INFO [2018-10-02 11:35:12] 
INFO [2018-10-02 11:35:12] $cex
INFO [2018-10-02 11:35:12] [1] 2
INFO [2018-10-02 11:35:12] 
INFO [2018-10-02 11:35:12] $cat.fontface
INFO [2018-10-02 11:35:12] [1] 4
INFO [2018-10-02 11:35:12] 
INFO [2018-10-02 11:35:12] $lty
INFO [2018-10-02 11:35:12] [1] 1
INFO [2018-10-02 11:35:12] 
INFO [2018-10-02 11:35:12] $filename
INFO [2018-10-02 11:35:12] NULL
INFO [2018-10-02 11:35:12] 
INFO [2018-10-02 11:35:12] [[1]]
INFO [2018-10-02 11:35:12] list(CNN = 1:1800, RF = c(183:1865, 2057:2173), True = c(66:1669, 
INFO [2018-10-02 11:35:12]     1790:1985))
INFO [2018-10-02 11:35:12] 
INFO [2018-10-02 11:35:12] $fill
INFO [2018-10-02 11:35:12] c("red", "green", "blue")
INFO [2018-10-02 11:35:12] 
INFO [2018-10-02 11:35:12] $alpha
INFO [2018-10-02 11:35:12] c(0.5, 0.5, 0.5)
INFO [2018-10-02 11:35:12] 
INFO [2018-10-02 11:35:12] $cex
INFO [2018-10-02 11:35:12] [1] 2
INFO [2018-10-02 11:35:12] 
INFO [2018-10-02 11:35:12] $cat.fontface
INFO [2018-10-02 11:35:12] [1] 4
INFO [2018-10-02 11:35:12] 
INFO [2018-10-02 11:35:12] $lty
INFO [2018-10-02 11:35:12] [1] 1
INFO [2018-10-02 11:35:12] 
INFO [2018-10-02 11:35:12] $filename
INFO [2018-10-02 11:35:12] NULL
INFO [2018-10-02 11:35:12] 
