INFO [2018-08-30 14:16:11] [[1]]
INFO [2018-08-30 14:16:11] list(CNN = 1:1800, RF = c(198:1855, 2037:2168), True = c(66:1684, 
INFO [2018-08-30 14:16:11]     1790:1985))
INFO [2018-08-30 14:16:11] 
INFO [2018-08-30 14:16:11] $fill
INFO [2018-08-30 14:16:11] c("red", "green", "blue")
INFO [2018-08-30 14:16:11] 
INFO [2018-08-30 14:16:11] $alpha
INFO [2018-08-30 14:16:11] c(0.5, 0.5, 0.5)
INFO [2018-08-30 14:16:11] 
INFO [2018-08-30 14:16:11] $cex
INFO [2018-08-30 14:16:11] [1] 2
INFO [2018-08-30 14:16:11] 
INFO [2018-08-30 14:16:11] $cat.fontface
INFO [2018-08-30 14:16:11] [1] 4
INFO [2018-08-30 14:16:11] 
INFO [2018-08-30 14:16:11] $lty
INFO [2018-08-30 14:16:11] [1] 1
INFO [2018-08-30 14:16:11] 
INFO [2018-08-30 14:16:11] $filename
INFO [2018-08-30 14:16:11] NULL
INFO [2018-08-30 14:16:11] 
