INFO [2018-08-30 14:24:06] [[1]]
INFO [2018-08-30 14:24:06] list(CNN = 1:1800, RF = c(183:1865, 2057:2178), True = c(66:1669, 
INFO [2018-08-30 14:24:06]     1790:1985))
INFO [2018-08-30 14:24:06] 
INFO [2018-08-30 14:24:06] $fill
INFO [2018-08-30 14:24:06] c("red", "green", "blue")
INFO [2018-08-30 14:24:06] 
INFO [2018-08-30 14:24:06] $alpha
INFO [2018-08-30 14:24:06] c(0.5, 0.5, 0.5)
INFO [2018-08-30 14:24:06] 
INFO [2018-08-30 14:24:06] $cex
INFO [2018-08-30 14:24:06] [1] 2
INFO [2018-08-30 14:24:06] 
INFO [2018-08-30 14:24:06] $cat.fontface
INFO [2018-08-30 14:24:06] [1] 4
INFO [2018-08-30 14:24:06] 
INFO [2018-08-30 14:24:06] $lty
INFO [2018-08-30 14:24:06] [1] 1
INFO [2018-08-30 14:24:06] 
INFO [2018-08-30 14:24:06] $filename
INFO [2018-08-30 14:24:06] NULL
INFO [2018-08-30 14:24:06] 
