INFO [2018-08-30 14:17:53] [[1]]
INFO [2018-08-30 14:17:53] list(CNN = 1:1800, RF = c(198:1865, 2047:2168), True = c(66:1684, 
INFO [2018-08-30 14:17:53]     1790:1985))
INFO [2018-08-30 14:17:53] 
INFO [2018-08-30 14:17:53] $fill
INFO [2018-08-30 14:17:53] c("red", "green", "blue")
INFO [2018-08-30 14:17:53] 
INFO [2018-08-30 14:17:53] $alpha
INFO [2018-08-30 14:17:53] c(0.5, 0.5, 0.5)
INFO [2018-08-30 14:17:53] 
INFO [2018-08-30 14:17:53] $cex
INFO [2018-08-30 14:17:53] [1] 2
INFO [2018-08-30 14:17:53] 
INFO [2018-08-30 14:17:53] $cat.fontface
INFO [2018-08-30 14:17:53] [1] 4
INFO [2018-08-30 14:17:53] 
INFO [2018-08-30 14:17:53] $lty
INFO [2018-08-30 14:17:53] [1] 1
INFO [2018-08-30 14:17:53] 
INFO [2018-08-30 14:17:53] $filename
INFO [2018-08-30 14:17:53] NULL
INFO [2018-08-30 14:17:53] 
