INFO [2018-08-30 14:11:58] [[1]]
INFO [2018-08-30 14:11:58] list(CNN = 1:185, RF = 66:302)
INFO [2018-08-30 14:11:58] 
INFO [2018-08-30 14:11:58] $fill
INFO [2018-08-30 14:11:58] c("red", "green")
INFO [2018-08-30 14:11:58] 
INFO [2018-08-30 14:11:58] $alpha
INFO [2018-08-30 14:11:58] c(0.5, 0.5)
INFO [2018-08-30 14:11:58] 
INFO [2018-08-30 14:11:58] $cex
INFO [2018-08-30 14:11:58] [1] 2
INFO [2018-08-30 14:11:58] 
INFO [2018-08-30 14:11:58] $cat.fontface
INFO [2018-08-30 14:11:58] [1] 4
INFO [2018-08-30 14:11:58] 
INFO [2018-08-30 14:11:58] $lty
INFO [2018-08-30 14:11:58] [1] 1
INFO [2018-08-30 14:11:58] 
INFO [2018-08-30 14:11:58] $filename
INFO [2018-08-30 14:11:58] NULL
INFO [2018-08-30 14:11:58] 
