INFO [2018-08-30 14:19:57] [[1]]
INFO [2018-08-30 14:19:57] list(CNN = 1:1800, RF = c(198:1855, 2047:2168), True = c(66:1669, 
INFO [2018-08-30 14:19:57]     1790:1985))
INFO [2018-08-30 14:19:57] 
INFO [2018-08-30 14:19:57] $fill
INFO [2018-08-30 14:19:57] c("red", "green", "blue")
INFO [2018-08-30 14:19:57] 
INFO [2018-08-30 14:19:57] $alpha
INFO [2018-08-30 14:19:57] c(0.5, 0.5, 0.5)
INFO [2018-08-30 14:19:57] 
INFO [2018-08-30 14:19:57] $cex
INFO [2018-08-30 14:19:57] [1] 2
INFO [2018-08-30 14:19:57] 
INFO [2018-08-30 14:19:57] $cat.fontface
INFO [2018-08-30 14:19:57] [1] 4
INFO [2018-08-30 14:19:57] 
INFO [2018-08-30 14:19:57] $lty
INFO [2018-08-30 14:19:57] [1] 1
INFO [2018-08-30 14:19:57] 
INFO [2018-08-30 14:19:57] $filename
INFO [2018-08-30 14:19:57] NULL
INFO [2018-08-30 14:19:57] 
