INFO [2018-08-30 14:13:12] [[1]]
INFO [2018-08-30 14:13:12] list(CNN = 1:1800, RF = c(198:1865, 2037:2168), True = c(61:1684, 
INFO [2018-08-30 14:13:12]     1790:1985))
INFO [2018-08-30 14:13:12] 
INFO [2018-08-30 14:13:12] $fill
INFO [2018-08-30 14:13:12] c("red", "green", "blue")
INFO [2018-08-30 14:13:12] 
INFO [2018-08-30 14:13:12] $alpha
INFO [2018-08-30 14:13:12] c(0.5, 0.5, 0.5)
INFO [2018-08-30 14:13:12] 
INFO [2018-08-30 14:13:12] $cex
INFO [2018-08-30 14:13:12] [1] 2
INFO [2018-08-30 14:13:12] 
INFO [2018-08-30 14:13:12] $cat.fontface
INFO [2018-08-30 14:13:12] [1] 4
INFO [2018-08-30 14:13:12] 
INFO [2018-08-30 14:13:12] $lty
INFO [2018-08-30 14:13:12] [1] 1
INFO [2018-08-30 14:13:12] 
INFO [2018-08-30 14:13:12] $filename
INFO [2018-08-30 14:13:12] NULL
INFO [2018-08-30 14:13:12] 
