INFO [2018-08-30 14:25:24] [[1]]
INFO [2018-08-30 14:25:24] list(CNN = 1:1800, RF = c(183:1865, 2057:2173), True = c(66:1669, 
INFO [2018-08-30 14:25:24]     1790:1985))
INFO [2018-08-30 14:25:24] 
INFO [2018-08-30 14:25:24] $fill
INFO [2018-08-30 14:25:24] c("red", "green", "blue")
INFO [2018-08-30 14:25:24] 
INFO [2018-08-30 14:25:24] $alpha
INFO [2018-08-30 14:25:24] c(0.5, 0.5, 0.5)
INFO [2018-08-30 14:25:24] 
INFO [2018-08-30 14:25:24] $cex
INFO [2018-08-30 14:25:24] [1] 2
INFO [2018-08-30 14:25:24] 
INFO [2018-08-30 14:25:24] $cat.fontface
INFO [2018-08-30 14:25:24] [1] 4
INFO [2018-08-30 14:25:24] 
INFO [2018-08-30 14:25:24] $lty
INFO [2018-08-30 14:25:24] [1] 1
INFO [2018-08-30 14:25:24] 
INFO [2018-08-30 14:25:24] $filename
INFO [2018-08-30 14:25:24] NULL
INFO [2018-08-30 14:25:24] 
