INFO [2018-08-30 14:18:42] [[1]]
INFO [2018-08-30 14:18:42] list(CNN = 1:1800, RF = c(198:1865, 2047:2168), True = c(66:1674, 
INFO [2018-08-30 14:18:42]     1790:1985))
INFO [2018-08-30 14:18:42] 
INFO [2018-08-30 14:18:42] $fill
INFO [2018-08-30 14:18:42] c("red", "green", "blue")
INFO [2018-08-30 14:18:42] 
INFO [2018-08-30 14:18:42] $alpha
INFO [2018-08-30 14:18:42] c(0.5, 0.5, 0.5)
INFO [2018-08-30 14:18:42] 
INFO [2018-08-30 14:18:42] $cex
INFO [2018-08-30 14:18:42] [1] 2
INFO [2018-08-30 14:18:42] 
INFO [2018-08-30 14:18:42] $cat.fontface
INFO [2018-08-30 14:18:42] [1] 4
INFO [2018-08-30 14:18:42] 
INFO [2018-08-30 14:18:42] $lty
INFO [2018-08-30 14:18:42] [1] 1
INFO [2018-08-30 14:18:42] 
INFO [2018-08-30 14:18:42] $filename
INFO [2018-08-30 14:18:42] NULL
INFO [2018-08-30 14:18:42] 
