INFO [2018-10-02 11:35:07] [[1]]
INFO [2018-10-02 11:35:07] list(B = 1:1800, A = 1571:2020)
INFO [2018-10-02 11:35:07] 
INFO [2018-10-02 11:35:07] $fill
INFO [2018-10-02 11:35:07] c("red", "green")
INFO [2018-10-02 11:35:07] 
INFO [2018-10-02 11:35:07] $alpha
INFO [2018-10-02 11:35:07] c(0.5, 0.5)
INFO [2018-10-02 11:35:07] 
INFO [2018-10-02 11:35:07] $cex
INFO [2018-10-02 11:35:07] [1] 2
INFO [2018-10-02 11:35:07] 
INFO [2018-10-02 11:35:07] $cat.fontface
INFO [2018-10-02 11:35:07] [1] 4
INFO [2018-10-02 11:35:07] 
INFO [2018-10-02 11:35:07] $lty
INFO [2018-10-02 11:35:07] [1] 2
INFO [2018-10-02 11:35:07] 
INFO [2018-10-02 11:35:07] $fontfamily
INFO [2018-10-02 11:35:07] [1] 3
INFO [2018-10-02 11:35:07] 
INFO [2018-10-02 11:35:07] $filename
INFO [2018-10-02 11:35:07] [1] "results/trial2.emf"
INFO [2018-10-02 11:35:07] 
